<?xml version="1.0" encoding="UTF-8"?>
<!-- Generated by org.testng.reporters.JUnitXMLReporter -->
<testsuite ignored="0" hostname="LAPTOP3670" failures="0" tests="4" name="RESTassuredProject" time="2.321" errors="0" timestamp="27 Apr 2023 10:48:40 GMT">
  <testcase classname="APITests" name="test1_get" time="1.717"/>
  <testcase classname="APITests" name="test2_get" time="0.181"/>
  <testcase classname="APITests" name="test3_post" time="0.194"/>
  <testcase classname="APITests" name="test4_Delete" time="0.202"/>
</testsuite> <!-- RESTassuredProject -->
