<?xml version="1.0" encoding="UTF-8"?>
<testng-results ignored="0" total="4" passed="4" failed="0" skipped="0">
  <reporter-output>
  </reporter-output>
  <suite started-at="2023-04-27T10:48:37Z" name="Default Suite" finished-at="2023-04-27T10:48:39Z" duration-ms="2321">
    <groups>
    </groups>
    <test started-at="2023-04-27T10:48:37Z" name="RESTassuredProject" finished-at="2023-04-27T10:48:39Z" duration-ms="2321">
      <class name="APITests">
        <test-method signature="test1_get()[pri:0, instance:APITests@4d1b0d2a]" started-at="2023-04-27T10:48:37Z" name="test1_get" finished-at="2023-04-27T10:48:39Z" duration-ms="1717" status="PASS">
          <reporter-output>
          </reporter-output>
        </test-method> <!-- test1_get -->
        <test-method signature="test2_get()[pri:0, instance:APITests@4d1b0d2a]" started-at="2023-04-27T10:48:39Z" name="test2_get" finished-at="2023-04-27T10:48:39Z" duration-ms="181" status="PASS">
          <reporter-output>
          </reporter-output>
        </test-method> <!-- test2_get -->
        <test-method signature="test3_post()[pri:0, instance:APITests@4d1b0d2a]" started-at="2023-04-27T10:48:39Z" name="test3_post" finished-at="2023-04-27T10:48:39Z" duration-ms="194" status="PASS">
          <reporter-output>
          </reporter-output>
        </test-method> <!-- test3_post -->
        <test-method signature="test4_Delete()[pri:0, instance:APITests@4d1b0d2a]" started-at="2023-04-27T10:48:39Z" name="test4_Delete" finished-at="2023-04-27T10:48:39Z" duration-ms="202" status="PASS">
          <reporter-output>
          </reporter-output>
        </test-method> <!-- test4_Delete -->
      </class> <!-- APITests -->
    </test> <!-- RESTassuredProject -->
  </suite> <!-- Default Suite -->
</testng-results>
